c:\users\zeyad\git\2025_20678032\worksheet7\ex3-build\worksheet6.dir\release\mocs_compilation_release.obj
c:\users\zeyad\git\2025_20678032\worksheet7\ex3-build\worksheet6.dir\release\optiondialog.obj
c:\users\zeyad\git\2025_20678032\worksheet7\ex3-build\worksheet6.dir\release\modelpartlist.obj
c:\users\zeyad\git\2025_20678032\worksheet7\ex3-build\worksheet6.dir\release\modelpart.obj
c:\users\zeyad\git\2025_20678032\worksheet7\ex3-build\worksheet6.dir\release\mainwindow.obj
c:\users\zeyad\git\2025_20678032\worksheet7\ex3-build\worksheet6.dir\release\main.obj
c:\users\zeyad\git\2025_20678032\worksheet7\ex3-build\worksheet6_autogen\autouic_release.stamp
c:\users\zeyad\git\2025_20678032\worksheet7\ex3-build\cmakefiles\generate.stamp
c:\users\zeyad\git\2025_20678032\worksheet7\ex3-build\release\worksheet6.exe
c:\users\zeyad\git\2025_20678032\worksheet7\ex3-build\worksheet6.dir\release\worksheet6.tlog\cl.command.1.tlog
c:\users\zeyad\git\2025_20678032\worksheet7\ex3-build\worksheet6.dir\release\worksheet6.tlog\cl.items.tlog
c:\users\zeyad\git\2025_20678032\worksheet7\ex3-build\worksheet6.dir\release\worksheet6.tlog\cl.read.1.tlog
c:\users\zeyad\git\2025_20678032\worksheet7\ex3-build\worksheet6.dir\release\worksheet6.tlog\cl.write.1.tlog
c:\users\zeyad\git\2025_20678032\worksheet7\ex3-build\worksheet6.dir\release\worksheet6.tlog\custombuild.command.1.tlog
c:\users\zeyad\git\2025_20678032\worksheet7\ex3-build\worksheet6.dir\release\worksheet6.tlog\custombuild.read.1.tlog
c:\users\zeyad\git\2025_20678032\worksheet7\ex3-build\worksheet6.dir\release\worksheet6.tlog\custombuild.write.1.tlog
c:\users\zeyad\git\2025_20678032\worksheet7\ex3-build\worksheet6.dir\release\worksheet6.tlog\link.command.1.tlog
c:\users\zeyad\git\2025_20678032\worksheet7\ex3-build\worksheet6.dir\release\worksheet6.tlog\link.read.1.tlog
c:\users\zeyad\git\2025_20678032\worksheet7\ex3-build\worksheet6.dir\release\worksheet6.tlog\link.secondary.1.tlog
c:\users\zeyad\git\2025_20678032\worksheet7\ex3-build\worksheet6.dir\release\worksheet6.tlog\link.write.1.tlog
